0 info it worked if it ends with ok
1 verbose cli [ '/usr/local/bin/node',
1 verbose cli   '/usr/local/bin/npm',
1 verbose cli   'install',
1 verbose cli   '-g',
1 verbose cli   'browser-sync' ]
2 info using npm@2.15.1
3 info using node@v4.4.4
4 verbose install initial load of /usr/local/lib/package.json
5 verbose readDependencies loading dependencies from /usr/local/lib/package.json
6 silly cache add args [ 'browser-sync', null ]
7 verbose cache add spec browser-sync
8 silly cache add parsed spec Result {
8 silly cache add   raw: 'browser-sync',
8 silly cache add   scope: null,
8 silly cache add   name: 'browser-sync',
8 silly cache add   rawSpec: '',
8 silly cache add   spec: 'latest',
8 silly cache add   type: 'tag' }
9 silly addNamed browser-sync@latest
10 verbose addNamed "latest" is being treated as a dist-tag for browser-sync
11 info addNameTag [ 'browser-sync', 'latest' ]
12 silly mapToRegistry name browser-sync
13 silly mapToRegistry using default registry
14 silly mapToRegistry registry https://registry.npmjs.org/
15 silly mapToRegistry data Result {
15 silly mapToRegistry   raw: 'browser-sync',
15 silly mapToRegistry   scope: null,
15 silly mapToRegistry   name: 'browser-sync',
15 silly mapToRegistry   rawSpec: '',
15 silly mapToRegistry   spec: 'latest',
15 silly mapToRegistry   type: 'tag' }
16 silly mapToRegistry uri https://registry.npmjs.org/browser-sync
17 verbose addNameTag registry:https://registry.npmjs.org/browser-sync not in flight; fetching
18 verbose request uri https://registry.npmjs.org/browser-sync
19 verbose request no auth needed
20 info attempt registry request try #1 at 12:02:30 AM
21 verbose request id 460f0ccd22230eb8
22 verbose etag "CEC5YSBQI3IQIC9ORWP57GR36"
23 http request GET https://registry.npmjs.org/browser-sync
24 http 200 https://registry.npmjs.org/browser-sync
25 verbose headers { server: 'CouchDB/1.5.0 (Erlang OTP/R16B03)',
25 verbose headers   etag: '"1YKO3BMWNVKY3GLNUOA2H58JQ"',
25 verbose headers   'content-type': 'application/json',
25 verbose headers   'content-encoding': 'gzip',
25 verbose headers   'cache-control': 'max-age=300',
25 verbose headers   'content-length': '37804',
25 verbose headers   'accept-ranges': 'bytes',
25 verbose headers   date: 'Tue, 17 May 2016 04:02:34 GMT',
25 verbose headers   via: '1.1 varnish',
25 verbose headers   age: '36',
25 verbose headers   connection: 'keep-alive',
25 verbose headers   'x-served-by': 'cache-lax1436-LAX',
25 verbose headers   'x-cache': 'HIT',
25 verbose headers   'x-cache-hits': '1',
25 verbose headers   'x-timer': 'S1463457754.642010,VS0,VE0',
25 verbose headers   vary: 'Accept-Encoding' }
26 silly get cb [ 200,
26 silly get   { server: 'CouchDB/1.5.0 (Erlang OTP/R16B03)',
26 silly get     etag: '"1YKO3BMWNVKY3GLNUOA2H58JQ"',
26 silly get     'content-type': 'application/json',
26 silly get     'content-encoding': 'gzip',
26 silly get     'cache-control': 'max-age=300',
26 silly get     'content-length': '37804',
26 silly get     'accept-ranges': 'bytes',
26 silly get     date: 'Tue, 17 May 2016 04:02:34 GMT',
26 silly get     via: '1.1 varnish',
26 silly get     age: '36',
26 silly get     connection: 'keep-alive',
26 silly get     'x-served-by': 'cache-lax1436-LAX',
26 silly get     'x-cache': 'HIT',
26 silly get     'x-cache-hits': '1',
26 silly get     'x-timer': 'S1463457754.642010,VS0,VE0',
26 silly get     vary: 'Accept-Encoding' } ]
27 verbose get saving browser-sync to /Users/mariojz/.npm/registry.npmjs.org/browser-sync/.cache.json
28 verbose correctMkdir /Users/mariojz/.npm correctMkdir not in flight; initializing
29 silly addNameTag next cb for browser-sync with tag latest
30 silly addNamed browser-sync@2.12.8
31 verbose addNamed "2.12.8" is a plain semver version for browser-sync
32 silly cache afterAdd browser-sync@2.12.8
33 verbose afterAdd /Users/mariojz/.npm/browser-sync/2.12.8/package/package.json not in flight; writing
34 verbose correctMkdir /Users/mariojz/.npm correctMkdir not in flight; initializing
35 verbose afterAdd /Users/mariojz/.npm/browser-sync/2.12.8/package/package.json written
36 silly install resolved [ { name: 'browser-sync',
36 silly install resolved     description: 'Live CSS Reload & Browser Syncing',
36 silly install resolved     version: '2.12.8',
36 silly install resolved     homepage: 'http://www.browsersync.io/',
36 silly install resolved     author: { name: 'Shane Osbourne' },
36 silly install resolved     repository:
36 silly install resolved      { type: 'git',
36 silly install resolved        url: 'git+https://github.com/browsersync/browser-sync.git' },
36 silly install resolved     license: 'Apache-2.0',
36 silly install resolved     bin: { 'browser-sync': 'bin/browser-sync.js' },
36 silly install resolved     files: [ 'bin', 'index.js', 'lib' ],
36 silly install resolved     engines: { node: '>= 0.8.0' },
36 silly install resolved     scripts:
36 silly install resolved      { env: 'node ./test/env.js',
36 silly install resolved        test: 'npm run lint && npm run env && npm run unit',
36 silly install resolved        lint: 'eslint index.js lib bin examples test/specs gulpfile.js',
36 silly install resolved        pro: 'protractor test/protractor/config.single.js',
36 silly install resolved        'pro-local': 'node test/protractor/setup.js',
36 silly install resolved        unit: 'mocha --recursive test/specs --timeout 10000',
36 silly install resolved        cover: 'npm run env && npm run cover-local && npm run coveralls',
36 silly install resolved        'cover-local': 'istanbul cover _mocha -- --timeout 10000 --recursive ./test/specs',
36 silly install resolved        coveralls: 'istanbul-coveralls',
36 silly install resolved        'pre-release': 'npm test && npm run pro-local && npm run pro' },
36 silly install resolved     dependencies:
36 silly install resolved      { 'browser-sync-client': '^2.3.3',
36 silly install resolved        'browser-sync-ui': '0.5.19',
36 silly install resolved        'bs-recipes': '1.2.2',
36 silly install resolved        chokidar: '1.4.3',
36 silly install resolved        connect: '3.4.1',
36 silly install resolved        'dev-ip': '^1.0.1',
36 silly install resolved        'easy-extender': '2.3.2',
36 silly install resolved        'eazy-logger': '^2.1.2',
36 silly install resolved        'emitter-steward': '^1.0.0',
36 silly install resolved        'fs-extra': '0.26.7',
36 silly install resolved        'http-proxy': '1.13.2',
36 silly install resolved        immutable: '3.7.6',
36 silly install resolved        localtunnel: '1.8.1',
36 silly install resolved        lodash: '4.10.0',
36 silly install resolved        micromatch: '2.3.7',
36 silly install resolved        opn: '^3.0.2',
36 silly install resolved        portscanner: '^1.0.0',
36 silly install resolved        qs: '6.1.0',
36 silly install resolved        'resp-modifier': '6.0.1',
36 silly install resolved        'serve-index': '1.7.3',
36 silly install resolved        'serve-static': '1.10.2',
36 silly install resolved        'socket.io': '1.4.5',
36 silly install resolved        'ua-parser-js': '0.7.10',
36 silly install resolved        ucfirst: '^1.0.0',
36 silly install resolved        yargs: '4.4.0' },
36 silly install resolved     devDependencies:
36 silly install resolved      { 'browser-sync-spa': '1.0.2',
36 silly install resolved        'bs-html-injector': '3.0.1',
36 silly install resolved        'bs-snippet-injector': '2.0.1',
36 silly install resolved        chai: '3.2.0',
36 silly install resolved        chalk: '1.1.1',
36 silly install resolved        compression: '1.6.1',
36 silly install resolved        eslint: '1.3.1',
36 silly install resolved        'graceful-fs': '3.0.8',
36 silly install resolved        gulp: '3.9.0',
36 silly install resolved        'gulp-contribs': '0.0.3',
36 silly install resolved        'gulp-conventional-changelog': '0.4.0',
36 silly install resolved        'gulp-filter': '2.0.2',
36 silly install resolved        istanbul: '0.3.19',
36 silly install resolved        'istanbul-coveralls': '1.0.3',
36 silly install resolved        mocha: '2.3.0',
36 silly install resolved        q: '1.4.1',
36 silly install resolved        request: '2.61.0',
36 silly install resolved        rimraf: '2.5.2',
36 silly install resolved        sinon: '1.15.4',
36 silly install resolved        slugify: '0.1.1',
36 silly install resolved        'socket.io-client': '^1.4.5',
36 silly install resolved        supertest: '1.1.0',
36 silly install resolved        vinyl: '0.5.3' },
36 silly install resolved     keywords: [ 'browser sync', 'css', 'live reload', 'sync' ],
36 silly install resolved     gitHead: 'e9db4ef9672e4f766773707c86e8b7e440c38f5a',
36 silly install resolved     bugs: { url: 'https://github.com/browsersync/browser-sync/issues' },
36 silly install resolved     _id: 'browser-sync@2.12.8',
36 silly install resolved     _shasum: '039bc61ecf2ac50aa4313ac333269d475456fc04',
36 silly install resolved     _from: 'browser-sync@latest',
36 silly install resolved     _npmVersion: '2.15.1',
36 silly install resolved     _nodeVersion: '4.4.3',
36 silly install resolved     _npmUser: { name: 'shakyshane', email: 'shakyshane@gmail.com' },
36 silly install resolved     dist:
36 silly install resolved      { shasum: '039bc61ecf2ac50aa4313ac333269d475456fc04',
36 silly install resolved        tarball: 'https://registry.npmjs.org/browser-sync/-/browser-sync-2.12.8.tgz' },
36 silly install resolved     maintainers: [ [Object] ],
36 silly install resolved     _npmOperationalInternal:
36 silly install resolved      { host: 'packages-16-east.internal.npmjs.com',
36 silly install resolved        tmp: 'tmp/browser-sync-2.12.8.tgz_1463053456366_0.9889549727085978' },
36 silly install resolved     directories: {},
36 silly install resolved     _resolved: 'https://registry.npmjs.org/browser-sync/-/browser-sync-2.12.8.tgz',
36 silly install resolved     readme: 'ERROR: No README data found!' } ]
37 info install browser-sync@2.12.8 into /usr/local/lib
38 info installOne browser-sync@2.12.8
39 verbose installOne of browser-sync to /usr/local/lib not in flight; installing
40 verbose correctMkdir /Users/mariojz/.npm/_locks correctMkdir not in flight; initializing
41 verbose lock using /Users/mariojz/.npm/_locks/browser-sync-ed941186c435fb34.lock for /usr/local/lib/node_modules/browser-sync
42 silly install write writing browser-sync 2.12.8 to /usr/local/lib/node_modules/browser-sync
43 verbose unbuild lib/node_modules/browser-sync
44 info preuninstall browser-sync@2.12.8
45 info uninstall browser-sync@2.12.8
46 verbose unbuild rmStuff browser-sync@2.12.8 from /usr/local/lib/node_modules
47 silly gentlyRm /usr/local/bin/browser-sync is being gently removed
48 silly gentlyRm verifying /usr/local is an npm working directory
49 silly gentlyRm containing path /usr/local is under npm's control, in /usr/local
50 silly gentlyRm deletion target /usr/local/bin/browser-sync is under /usr/local
51 verbose gentlyRm vacuuming from /usr/local/bin/browser-sync up to /usr/local
52 silly vacuum-fs removing /usr/local/bin/browser-sync
53 verbose unlock done using /Users/mariojz/.npm/_locks/browser-sync-ed941186c435fb34.lock for /usr/local/lib/node_modules/browser-sync
54 verbose stack Error: EACCES: permission denied, unlink '/usr/local/bin/browser-sync'
54 verbose stack     at Error (native)
55 verbose cwd /Users/mariojz/Documents/Code/udacity-nanodegree-project1
56 error Darwin 15.3.0
57 error argv "/usr/local/bin/node" "/usr/local/bin/npm" "install" "-g" "browser-sync"
58 error node v4.4.4
59 error npm  v2.15.1
60 error path /usr/local/bin/browser-sync
61 error code EACCES
62 error errno -13
63 error syscall unlink
64 error Error: EACCES: permission denied, unlink '/usr/local/bin/browser-sync'
64 error     at Error (native)
64 error  { [Error: EACCES: permission denied, unlink '/usr/local/bin/browser-sync']
64 error   errno: -13,
64 error   code: 'EACCES',
64 error   syscall: 'unlink',
64 error   path: '/usr/local/bin/browser-sync' }
65 error Please try running this command again as root/Administrator.
66 verbose exit [ -13, true ]
67 verbose unbuild lib/node_modules/browser-sync
68 info preuninstall browser-sync@2.12.8
69 info uninstall browser-sync@2.12.8
70 verbose unbuild rmStuff browser-sync@2.12.8 from /usr/local/lib/node_modules
71 silly gentlyRm /usr/local/bin/browser-sync is being gently removed
72 silly gentlyRm verifying /usr/local is an npm working directory
73 silly gentlyRm containing path /usr/local is under npm's control, in /usr/local
74 silly gentlyRm deletion target /usr/local/bin/browser-sync is under /usr/local
75 verbose gentlyRm vacuuming from /usr/local/bin/browser-sync up to /usr/local
76 silly vacuum-fs removing /usr/local/bin/browser-sync
77 error error rolling back Error: EACCES: permission denied, unlink '/usr/local/bin/browser-sync'
77 error error rolling back     at Error (native)
77 error error rolling back  { [Error: EACCES: permission denied, unlink '/usr/local/bin/browser-sync']
77 error error rolling back   errno: -13,
77 error error rolling back   code: 'EACCES',
77 error error rolling back   syscall: 'unlink',
77 error error rolling back   path: '/usr/local/bin/browser-sync' }
